\BOOKMARK [0][-]{chapter*.1}{บทคัดย่อ}{}% 1
\BOOKMARK [0][-]{chapter*.3}{สารบัญ}{}% 2
\BOOKMARK [0][-]{chapter.1}{Introduction}{}% 3
\BOOKMARK [0][-]{chapter.2}{System\040Description}{}% 4
\BOOKMARK [1][-]{section.2.1}{Quadroter\040mathematical\040model}{chapter.2}% 5
\BOOKMARK [2][-]{subsection.2.1.1}{Preliminar\040notions}{section.2.1}% 6
\BOOKMARK [2][-]{subsection.2.1.2}{Euler\040angles\040and\040Quaternions}{section.2.1}% 7
\BOOKMARK [2][-]{subsection.2.1.3}{Qaudroter\040mathematical\040model}{section.2.1}% 8
\BOOKMARK [2][-]{subsection.2.1.4}{Motor\040model}{section.2.1}% 9
\BOOKMARK [1][-]{section.2.2}{Linear\040Quadratic\040Regulator}{chapter.2}% 10
\BOOKMARK [1][-]{section.2.3}{Hector\040Quadrotor\040ROS\040Stack}{chapter.2}% 11
\BOOKMARK [2][-]{subsection.2.3.1}{hector_quadrotor_description}{section.2.3}% 12
\BOOKMARK [2][-]{subsection.2.3.2}{hector_quadrotor_gazebo}{section.2.3}% 13
\BOOKMARK [2][-]{subsection.2.3.3}{hector_quadrotor_teleop}{section.2.3}% 14
\BOOKMARK [2][-]{subsection.2.3.4}{hector_quadrotor_gazebo_plugin}{section.2.3}% 15
\BOOKMARK [0][-]{chapter.3}{Simulation}{}% 16
\BOOKMARK [1][-]{section.3.1}{สั่งให้ quadrotor บินขึ้นเหนือพื้น}{chapter.3}% 17
\BOOKMARK [1][-]{section.3.2}{สั่งให้ quadrotor บินวนเป็นเกลียว}{chapter.3}% 18
\BOOKMARK [1][-]{section.3.3}{สั่งให้ quadrotor บินเป็นรูปดาว}{chapter.3}% 19
\BOOKMARK [0][-]{chapter.4}{Analysis/Discussion}{}% 20
\BOOKMARK [0][-]{chapter.5}{Conclusion}{}% 21
\BOOKMARK [0][-]{chapter.5}{เอกสารอ้างอิง}{}% 22
